<?xml version="1.0" encoding="UTF-8"?>
<!-- Generated by org.testng.reporters.JUnitReportReporter -->
<testsuite skipped="0" hostname="LAPTOP-6BKLA9V1" name="com.acti.testcase.TC001_LoginTest" tests="2" failures="0" timestamp="07 Dec 2020 19:53:06 GMT" time="19.621" errors="0">
  <testcase name="testLoginFuntion" time="9.686" classname="com.acti.testcase.TC001_LoginTest"/>
  <testcase name="testVerifyLogoDisplayed" time="9.935" classname="com.acti.testcase.TC001_LoginTest"/>
</testsuite> <!-- com.acti.testcase.TC001_LoginTest -->
