<?xml version="1.0" encoding="UTF-8"?>
<!-- Generated by org.testng.reporters.JUnitReportReporter -->
<testsuite skipped="0" hostname="LAPTOP-6BKLA9V1" name="com.acti.base.DriverScript" tests="1" failures="0" timestamp="07 Dec 2020 18:27:07 GMT" time="14.815" errors="0">
  <testcase name="initBrowser" time="14.815" classname="com.acti.base.DriverScript"/>
</testsuite> <!-- com.acti.base.DriverScript -->
