<?xml version="1.0" encoding="UTF-8"?>
<!-- Generated by org.testng.reporters.JUnitReportReporter -->
<testsuite skipped="0" hostname="LAPTOP-6BKLA9V1" name="com.acti.testcase.TC002_CreateCustomer" tests="1" failures="0" timestamp="08 Dec 2020 04:43:37 GMT" time="12.719" errors="0">
  <testcase name="testCreateCustomer" time="12.719" classname="com.acti.testcase.TC002_CreateCustomer"/>
</testsuite> <!-- com.acti.testcase.TC002_CreateCustomer -->
